[2021-07-30 07:56:43 #120 INFO] thobbs running /Users/thobbs/Documents/GitHub/earthquake-scenarios/initializations/s_Hazard_IDM7p1_Sidney.ini [--hc=None]
[2021-07-30 07:56:43 #120 INFO] Using engine version 3.11.3-git0cccb86798
[2021-07-30 07:56:44 #120 WARNING] Using 16 cores on L-VAN-AC02ZW7L4MD6N.local
[2021-07-30 07:56:44 #120 INFO] Checksum of the input files: 3939815063
[2021-07-30 07:56:44 #120 INFO] Reading the risk model if present
[2021-07-30 07:56:44 #120 INFO] Extracting the hazard sites from the site model
[2021-07-30 07:56:45 #120 INFO] Read N=136702 hazard sites and L=8 hazard levels
[2021-07-30 07:56:46 #120 INFO] gzipping the input files
[2021-07-30 07:56:46 #120 INFO] minimum_intensity={}
[2021-07-30 07:56:46 #120 INFO] There are 4 realization(s)
[2021-07-30 07:56:46 #120 INFO] Reordering the ruptures and storing the events
[2021-07-30 07:56:46 #120 INFO] Associating event_id -> rlz_id for 4 events and 1 ruptures
[2021-07-30 07:56:46 #120 INFO] Reading 1 ruptures
[2021-07-30 07:56:49 #120 INFO] compute_gmfs 100% [1 submitted, 0 queued]
[2021-07-30 07:56:49 #120 INFO] Received {'gmfdata': '6.75 MB', 'sig_eps': '989 B', 'times': '317 B', 'hcurves': '5 B'} in 2 seconds
[2021-07-30 07:56:49 #120 INFO] Stored 5.72 MB of GMFs
[2021-07-30 07:56:56 #120 INFO] Checking seed dependency
[2021-07-30 07:56:57 #120 WARNING] Your results are expected to have a large dependency from ses_seed
[2021-07-30 07:56:57 #120 INFO] Exposing the outputs to the database
[2021-07-30 07:56:57 #120 INFO] Stored 26.01 MB on /Users/thobbs/oqdata/calc_120.hdf5 in 12 seconds
[2021-07-30 07:56:57 #120 INFO] Stopping the workers
  id | name
 691 | Events
 692 | Full Report
 693 | Ground Motion Fields
 694 | Input Files
 695 | Realizations
