[2021-04-01 01:53:28 #319 INFO] root running /root/storage/scenario-catalogue/deterministic/initializations/s_Risk_SIM9p0_CascadiaInterfaceBestFault_b0_b.ini [--hc=None]
[2021-04-01 01:53:28 #319 INFO] Using engine version 3.11.0-git213801bb4d
[2021-04-01 01:53:29 #319 WARNING] Version v3.11.3 of the engine is available, but you are still using version 3.11.0-git213801bb4d
[2021-04-01 01:53:29 #319 WARNING] Using 96 cores on ip-10-70-136-95
[2021-04-01 01:53:29 #319 INFO] Checksum of the input files: 3967968446
[2021-04-01 01:53:29 #319 INFO] Reading the risk model if present
[2021-04-01 01:53:43 #319 INFO] Reading /root/storage/openquake-inputs/exposure/general-building-stock/oqBldgExp_BC.xml
[2021-04-01 01:54:13 #319 INFO] Extracting the hazard sites from the site model
[2021-04-01 01:54:18 #319 INFO] Associated 274630 assets to 20013 sites
[2021-04-01 01:54:35 #319 INFO] Reducing risk model from 7260 to 1396 taxonomies
[2021-04-01 01:54:37 #319 INFO] gzipping the input files
[2021-04-01 01:54:43 #319 INFO] Storing risk model
[2021-04-01 01:54:49 #319 INFO] minimum_intensity={'SA(1.0)': 0.05, 'SA(0.5)': 0.05, 'SA(0.6)': 0.05, 'SA(0.3)': 0.0, 'SA(2.0)': 0.05}
[2021-04-01 01:54:52 #319 INFO] There are 4 realization(s)
[2021-04-01 01:54:52 #319 INFO] Reordering the ruptures and storing the events
[2021-04-01 01:54:52 #319 INFO] Associating event_id -> rlz_id for 800 events and 200 ruptures
[2021-04-01 01:54:52 #319 INFO] Reading 200 ruptures
here:  /root/storage/openquake/src/oq-engine/openquake/hazardlib/gsim/NBCC2020_tables/BC17/BC17_2k_V2.hdf5
[2021-04-01 01:54:56 #319 INFO] Sent 200 tasks, 3.34 MB in 0 seconds
[2021-04-01 01:55:03 #319 INFO] compute_gmfs   1% [200 submitted, 0 queued]
[2021-04-01 01:55:12 #319 INFO] compute_gmfs   2% [200 submitted, 0 queued]
[2021-04-01 01:55:12 #319 INFO] compute_gmfs   3% [200 submitted, 0 queued]
[2021-04-01 01:55:12 #319 INFO] compute_gmfs   4% [200 submitted, 0 queued]
[2021-04-01 01:55:12 #319 INFO] compute_gmfs   5% [200 submitted, 0 queued]
[2021-04-01 01:55:12 #319 INFO] compute_gmfs   6% [200 submitted, 0 queued]
[2021-04-01 01:55:12 #319 INFO] compute_gmfs   7% [200 submitted, 0 queued]
[2021-04-01 01:55:12 #319 INFO] compute_gmfs   8% [200 submitted, 0 queued]
[2021-04-01 01:55:12 #319 INFO] compute_gmfs   9% [200 submitted, 0 queued]
[2021-04-01 01:55:12 #319 INFO] compute_gmfs  10% [200 submitted, 0 queued]
[2021-04-01 01:55:12 #319 INFO] compute_gmfs  11% [200 submitted, 0 queued]
[2021-04-01 01:55:12 #319 INFO] compute_gmfs  12% [200 submitted, 0 queued]
[2021-04-01 01:55:12 #319 INFO] compute_gmfs  13% [200 submitted, 0 queued]
[2021-04-01 01:55:12 #319 INFO] compute_gmfs  14% [200 submitted, 0 queued]
[2021-04-01 01:55:12 #319 INFO] compute_gmfs  15% [200 submitted, 0 queued]
[2021-04-01 01:55:12 #319 INFO] compute_gmfs  16% [200 submitted, 0 queued]
[2021-04-01 01:55:12 #319 INFO] compute_gmfs  17% [200 submitted, 0 queued]
[2021-04-01 01:55:12 #319 INFO] compute_gmfs  18% [200 submitted, 0 queued]
[2021-04-01 01:55:12 #319 INFO] compute_gmfs  19% [200 submitted, 0 queued]
[2021-04-01 01:55:12 #319 INFO] compute_gmfs  20% [200 submitted, 0 queued]
[2021-04-01 01:55:12 #319 INFO] compute_gmfs  21% [200 submitted, 0 queued]
[2021-04-01 01:55:12 #319 INFO] compute_gmfs  22% [200 submitted, 0 queued]
[2021-04-01 01:55:12 #319 INFO] compute_gmfs  23% [200 submitted, 0 queued]
[2021-04-01 01:55:12 #319 INFO] compute_gmfs  24% [200 submitted, 0 queued]
[2021-04-01 01:55:12 #319 INFO] compute_gmfs  25% [200 submitted, 0 queued]
[2021-04-01 01:55:13 #319 INFO] compute_gmfs  26% [200 submitted, 0 queued]
[2021-04-01 01:55:13 #319 INFO] compute_gmfs  27% [200 submitted, 0 queued]
[2021-04-01 01:55:13 #319 INFO] compute_gmfs  28% [200 submitted, 0 queued]
[2021-04-01 01:55:13 #319 INFO] compute_gmfs  29% [200 submitted, 0 queued]
[2021-04-01 01:55:13 #319 INFO] compute_gmfs  30% [200 submitted, 0 queued]
[2021-04-01 01:55:13 #319 INFO] compute_gmfs  31% [200 submitted, 0 queued]
[2021-04-01 01:55:13 #319 INFO] compute_gmfs  32% [200 submitted, 0 queued]
[2021-04-01 01:55:13 #319 INFO] compute_gmfs  33% [200 submitted, 0 queued]
[2021-04-01 01:55:13 #319 INFO] compute_gmfs  34% [200 submitted, 0 queued]
[2021-04-01 01:55:13 #319 INFO] compute_gmfs  35% [200 submitted, 0 queued]
[2021-04-01 01:55:13 #319 INFO] compute_gmfs  36% [200 submitted, 0 queued]
[2021-04-01 01:55:13 #319 INFO] compute_gmfs  37% [200 submitted, 0 queued]
[2021-04-01 01:55:13 #319 INFO] compute_gmfs  38% [200 submitted, 0 queued]
[2021-04-01 01:55:13 #319 INFO] compute_gmfs  39% [200 submitted, 0 queued]
[2021-04-01 01:55:13 #319 INFO] compute_gmfs  40% [200 submitted, 0 queued]
[2021-04-01 01:55:13 #319 INFO] compute_gmfs  41% [200 submitted, 0 queued]
[2021-04-01 01:55:13 #319 INFO] compute_gmfs  42% [200 submitted, 0 queued]
[2021-04-01 01:55:13 #319 INFO] compute_gmfs  43% [200 submitted, 0 queued]
[2021-04-01 01:55:13 #319 INFO] compute_gmfs  44% [200 submitted, 0 queued]
[2021-04-01 01:55:13 #319 INFO] compute_gmfs  45% [200 submitted, 0 queued]
[2021-04-01 01:55:13 #319 INFO] compute_gmfs  46% [200 submitted, 0 queued]
[2021-04-01 01:55:13 #319 INFO] compute_gmfs  47% [200 submitted, 0 queued]
[2021-04-01 01:55:13 #319 INFO] compute_gmfs  48% [200 submitted, 0 queued]
[2021-04-01 01:55:13 #319 INFO] compute_gmfs  49% [200 submitted, 0 queued]
[2021-04-01 01:55:13 #319 INFO] compute_gmfs  50% [200 submitted, 0 queued]
[2021-04-01 01:55:13 #319 INFO] compute_gmfs  51% [200 submitted, 0 queued]
[2021-04-01 01:55:13 #319 INFO] compute_gmfs  52% [200 submitted, 0 queued]
[2021-04-01 01:55:13 #319 INFO] compute_gmfs  53% [200 submitted, 0 queued]
[2021-04-01 01:55:13 #319 INFO] compute_gmfs  54% [200 submitted, 0 queued]
[2021-04-01 01:55:13 #319 INFO] compute_gmfs  55% [200 submitted, 0 queued]
[2021-04-01 01:55:13 #319 INFO] compute_gmfs  56% [200 submitted, 0 queued]
[2021-04-01 01:55:13 #319 INFO] compute_gmfs  57% [200 submitted, 0 queued]
[2021-04-01 01:55:13 #319 INFO] compute_gmfs  58% [200 submitted, 0 queued]
[2021-04-01 01:55:13 #319 INFO] compute_gmfs  59% [200 submitted, 0 queued]
[2021-04-01 01:55:13 #319 INFO] compute_gmfs  60% [200 submitted, 0 queued]
[2021-04-01 01:55:13 #319 INFO] compute_gmfs  61% [200 submitted, 0 queued]
[2021-04-01 01:55:13 #319 INFO] compute_gmfs  62% [200 submitted, 0 queued]
[2021-04-01 01:55:13 #319 INFO] compute_gmfs  63% [200 submitted, 0 queued]
[2021-04-01 01:55:13 #319 INFO] compute_gmfs  64% [200 submitted, 0 queued]
[2021-04-01 01:55:13 #319 INFO] compute_gmfs  65% [200 submitted, 0 queued]
[2021-04-01 01:55:14 #319 INFO] compute_gmfs  66% [200 submitted, 0 queued]
[2021-04-01 01:55:14 #319 INFO] compute_gmfs  67% [200 submitted, 0 queued]
[2021-04-01 01:55:14 #319 INFO] compute_gmfs  68% [200 submitted, 0 queued]
[2021-04-01 01:55:14 #319 INFO] compute_gmfs  69% [200 submitted, 0 queued]
[2021-04-01 01:55:14 #319 INFO] compute_gmfs  70% [200 submitted, 0 queued]
[2021-04-01 01:55:14 #319 INFO] compute_gmfs  71% [200 submitted, 0 queued]
[2021-04-01 01:55:14 #319 INFO] compute_gmfs  72% [200 submitted, 0 queued]
[2021-04-01 01:55:14 #319 INFO] compute_gmfs  73% [200 submitted, 0 queued]
[2021-04-01 01:55:14 #319 INFO] compute_gmfs  74% [200 submitted, 0 queued]
[2021-04-01 01:55:14 #319 INFO] compute_gmfs  75% [200 submitted, 0 queued]
[2021-04-01 01:55:14 #319 INFO] compute_gmfs  76% [200 submitted, 0 queued]
[2021-04-01 01:55:14 #319 INFO] compute_gmfs  77% [200 submitted, 0 queued]
[2021-04-01 01:55:14 #319 INFO] compute_gmfs  78% [200 submitted, 0 queued]
[2021-04-01 01:55:14 #319 INFO] compute_gmfs  79% [200 submitted, 0 queued]
[2021-04-01 01:55:14 #319 INFO] compute_gmfs  80% [200 submitted, 0 queued]
[2021-04-01 01:55:14 #319 INFO] compute_gmfs  81% [200 submitted, 0 queued]
[2021-04-01 01:55:14 #319 INFO] compute_gmfs  82% [200 submitted, 0 queued]
[2021-04-01 01:55:14 #319 INFO] compute_gmfs  83% [200 submitted, 0 queued]
[2021-04-01 01:55:14 #319 INFO] compute_gmfs  84% [200 submitted, 0 queued]
[2021-04-01 01:55:14 #319 INFO] compute_gmfs  85% [200 submitted, 0 queued]
[2021-04-01 01:55:14 #319 INFO] compute_gmfs  86% [200 submitted, 0 queued]
[2021-04-01 01:55:14 #319 INFO] compute_gmfs  87% [200 submitted, 0 queued]
[2021-04-01 01:55:14 #319 INFO] compute_gmfs  88% [200 submitted, 0 queued]
[2021-04-01 01:55:14 #319 INFO] compute_gmfs  89% [200 submitted, 0 queued]
[2021-04-01 01:55:14 #319 INFO] compute_gmfs  90% [200 submitted, 0 queued]
[2021-04-01 01:55:14 #319 INFO] compute_gmfs  91% [200 submitted, 0 queued]
[2021-04-01 01:55:14 #319 INFO] compute_gmfs  92% [200 submitted, 0 queued]
[2021-04-01 01:55:14 #319 INFO] compute_gmfs  93% [200 submitted, 0 queued]
[2021-04-01 01:55:14 #319 INFO] compute_gmfs  94% [200 submitted, 0 queued]
[2021-04-01 01:55:14 #319 INFO] compute_gmfs  95% [200 submitted, 0 queued]
[2021-04-01 01:55:14 #319 INFO] compute_gmfs  96% [200 submitted, 0 queued]
[2021-04-01 01:55:14 #319 INFO] compute_gmfs  97% [200 submitted, 0 queued]
[2021-04-01 01:55:14 #319 INFO] compute_gmfs  98% [200 submitted, 0 queued]
[2021-04-01 01:55:14 #319 INFO] compute_gmfs  99% [200 submitted, 0 queued]
[2021-04-01 01:55:14 #319 INFO] compute_gmfs 100% [200 submitted, 0 queued]
[2021-04-01 01:55:14 #319 INFO] Received {'gmfdata': '485.14 MB', 'sig_eps': '147.27 KB', 'times': '66.02 KB', 'hcurves': '2.73 KB'} in 17 seconds
[2021-04-01 01:55:15 #319 INFO] Checking GMFs
[2021-04-01 01:55:17 #319 INFO] Building risk inputs from 4 realization(s)
[2021-04-01 01:55:26 #319 INFO] Grouped the GMFs by site ID
[2021-04-01 01:55:44 #319 INFO] Built 20014 risk inputs
[2021-04-01 01:55:52 #319 INFO] Sent 198 tasks, 588.91 MB in 7 seconds
[2021-04-01 01:56:00 #319 INFO] scenario_risk   1% [198 submitted, 0 queued]
[2021-04-01 01:56:02 #319 INFO] scenario_risk   2% [198 submitted, 0 queued]
[2021-04-01 01:56:03 #319 INFO] scenario_risk   3% [198 submitted, 0 queued]
[2021-04-01 01:56:05 #319 INFO] scenario_risk   4% [198 submitted, 0 queued]
[2021-04-01 01:56:05 #319 INFO] scenario_risk   5% [198 submitted, 0 queued]
[2021-04-01 01:56:06 #319 INFO] scenario_risk   6% [198 submitted, 0 queued]
[2021-04-01 01:56:06 #319 INFO] scenario_risk   7% [198 submitted, 0 queued]
[2021-04-01 01:56:07 #319 INFO] scenario_risk   8% [198 submitted, 0 queued]
[2021-04-01 01:56:07 #319 INFO] scenario_risk   9% [198 submitted, 0 queued]
[2021-04-01 01:56:08 #319 INFO] scenario_risk  10% [198 submitted, 0 queued]
[2021-04-01 01:56:08 #319 INFO] scenario_risk  11% [198 submitted, 0 queued]
[2021-04-01 01:56:09 #319 INFO] scenario_risk  12% [198 submitted, 0 queued]
[2021-04-01 01:56:09 #319 INFO] scenario_risk  13% [198 submitted, 0 queued]
[2021-04-01 01:56:10 #319 INFO] scenario_risk  14% [198 submitted, 0 queued]
[2021-04-01 01:56:10 #319 INFO] scenario_risk  15% [198 submitted, 0 queued]
[2021-04-01 01:56:11 #319 INFO] scenario_risk  16% [198 submitted, 0 queued]
[2021-04-01 01:56:11 #319 INFO] scenario_risk  17% [198 submitted, 0 queued]
[2021-04-01 01:56:21 #319 INFO] scenario_risk  18% [198 submitted, 0 queued]
[2021-04-01 01:56:21 #319 INFO] scenario_risk  19% [198 submitted, 0 queued]
[2021-04-01 01:56:21 #319 INFO] scenario_risk  20% [198 submitted, 0 queued]
[2021-04-01 01:56:22 #319 INFO] scenario_risk  21% [198 submitted, 0 queued]
[2021-04-01 01:56:22 #319 INFO] scenario_risk  22% [198 submitted, 0 queued]
[2021-04-01 01:56:22 #319 INFO] scenario_risk  23% [198 submitted, 0 queued]
[2021-04-01 01:56:22 #319 INFO] scenario_risk  24% [198 submitted, 0 queued]
[2021-04-01 01:56:22 #319 INFO] scenario_risk  25% [198 submitted, 0 queued]
[2021-04-01 01:56:23 #319 INFO] scenario_risk  26% [198 submitted, 0 queued]
[2021-04-01 01:56:23 #319 INFO] scenario_risk  27% [198 submitted, 0 queued]
[2021-04-01 01:56:23 #319 INFO] scenario_risk  28% [198 submitted, 0 queued]
[2021-04-01 01:56:23 #319 INFO] scenario_risk  29% [198 submitted, 0 queued]
[2021-04-01 01:56:23 #319 INFO] scenario_risk  30% [198 submitted, 0 queued]
[2021-04-01 01:56:23 #319 INFO] scenario_risk  31% [198 submitted, 0 queued]
[2021-04-01 01:56:24 #319 INFO] scenario_risk  32% [198 submitted, 0 queued]
[2021-04-01 01:56:24 #319 INFO] scenario_risk  33% [198 submitted, 0 queued]
[2021-04-01 01:56:24 #319 INFO] scenario_risk  34% [198 submitted, 0 queued]
[2021-04-01 01:56:24 #319 INFO] scenario_risk  35% [198 submitted, 0 queued]
[2021-04-01 01:56:24 #319 INFO] scenario_risk  36% [198 submitted, 0 queued]
[2021-04-01 01:56:24 #319 INFO] scenario_risk  37% [198 submitted, 0 queued]
[2021-04-01 01:56:25 #319 INFO] scenario_risk  38% [198 submitted, 0 queued]
[2021-04-01 01:56:25 #319 INFO] scenario_risk  39% [198 submitted, 0 queued]
[2021-04-01 01:56:25 #319 INFO] scenario_risk  40% [198 submitted, 0 queued]
[2021-04-01 01:56:25 #319 INFO] scenario_risk  41% [198 submitted, 0 queued]
[2021-04-01 01:56:25 #319 INFO] scenario_risk  42% [198 submitted, 0 queued]
[2021-04-01 01:56:25 #319 INFO] scenario_risk  43% [198 submitted, 0 queued]
[2021-04-01 01:56:25 #319 INFO] scenario_risk  44% [198 submitted, 0 queued]
[2021-04-01 01:56:25 #319 INFO] scenario_risk  45% [198 submitted, 0 queued]
[2021-04-01 01:56:25 #319 INFO] scenario_risk  46% [198 submitted, 0 queued]
[2021-04-01 01:56:25 #319 INFO] scenario_risk  47% [198 submitted, 0 queued]
[2021-04-01 01:56:26 #319 INFO] scenario_risk  48% [198 submitted, 0 queued]
[2021-04-01 01:56:28 #319 INFO] scenario_risk  49% [198 submitted, 0 queued]
[2021-04-01 01:56:28 #319 INFO] scenario_risk  50% [198 submitted, 0 queued]
[2021-04-01 01:56:30 #319 INFO] scenario_risk  51% [198 submitted, 0 queued]
[2021-04-01 01:56:31 #319 INFO] scenario_risk  52% [198 submitted, 0 queued]
[2021-04-01 01:56:32 #319 INFO] scenario_risk  53% [198 submitted, 0 queued]
[2021-04-01 01:56:44 #319 INFO] scenario_risk  54% [198 submitted, 0 queued]
[2021-04-01 01:56:44 #319 INFO] scenario_risk  55% [198 submitted, 0 queued]
[2021-04-01 01:56:44 #319 INFO] scenario_risk  56% [198 submitted, 0 queued]
[2021-04-01 01:56:44 #319 INFO] scenario_risk  57% [198 submitted, 0 queued]
[2021-04-01 01:56:44 #319 INFO] scenario_risk  58% [198 submitted, 0 queued]
[2021-04-01 01:56:44 #319 INFO] scenario_risk  59% [198 submitted, 0 queued]
[2021-04-01 01:56:44 #319 INFO] scenario_risk  60% [198 submitted, 0 queued]
[2021-04-01 01:56:44 #319 INFO] scenario_risk  61% [198 submitted, 0 queued]
[2021-04-01 01:56:44 #319 INFO] scenario_risk  62% [198 submitted, 0 queued]
[2021-04-01 01:56:44 #319 INFO] scenario_risk  63% [198 submitted, 0 queued]
[2021-04-01 01:56:44 #319 INFO] scenario_risk  64% [198 submitted, 0 queued]
[2021-04-01 01:56:44 #319 INFO] scenario_risk  65% [198 submitted, 0 queued]
[2021-04-01 01:56:44 #319 INFO] scenario_risk  66% [198 submitted, 0 queued]
[2021-04-01 01:56:44 #319 INFO] scenario_risk  67% [198 submitted, 0 queued]
[2021-04-01 01:56:44 #319 INFO] scenario_risk  68% [198 submitted, 0 queued]
[2021-04-01 01:56:44 #319 INFO] scenario_risk  69% [198 submitted, 0 queued]
[2021-04-01 01:56:44 #319 INFO] scenario_risk  70% [198 submitted, 0 queued]
[2021-04-01 01:56:44 #319 INFO] scenario_risk  71% [198 submitted, 0 queued]
[2021-04-01 01:56:45 #319 INFO] scenario_risk  72% [198 submitted, 0 queued]
[2021-04-01 01:56:45 #319 INFO] scenario_risk  73% [198 submitted, 0 queued]
[2021-04-01 01:56:45 #319 INFO] scenario_risk  74% [198 submitted, 0 queued]
[2021-04-01 01:56:45 #319 INFO] scenario_risk  75% [198 submitted, 0 queued]
[2021-04-01 01:56:45 #319 INFO] scenario_risk  76% [198 submitted, 0 queued]
[2021-04-01 01:56:45 #319 INFO] scenario_risk  77% [198 submitted, 0 queued]
[2021-04-01 01:56:45 #319 INFO] scenario_risk  78% [198 submitted, 0 queued]
[2021-04-01 01:56:45 #319 INFO] scenario_risk  79% [198 submitted, 0 queued]
[2021-04-01 01:56:45 #319 INFO] scenario_risk  80% [198 submitted, 0 queued]
[2021-04-01 01:56:45 #319 INFO] scenario_risk  81% [198 submitted, 0 queued]
[2021-04-01 01:56:45 #319 INFO] scenario_risk  82% [198 submitted, 0 queued]
[2021-04-01 01:56:45 #319 INFO] scenario_risk  83% [198 submitted, 0 queued]
[2021-04-01 01:56:45 #319 INFO] scenario_risk  84% [198 submitted, 0 queued]
[2021-04-01 01:56:45 #319 INFO] scenario_risk  85% [198 submitted, 0 queued]
[2021-04-01 01:56:45 #319 INFO] scenario_risk  86% [198 submitted, 0 queued]
[2021-04-01 01:56:45 #319 INFO] scenario_risk  87% [198 submitted, 0 queued]
[2021-04-01 01:56:45 #319 INFO] scenario_risk  88% [198 submitted, 0 queued]
[2021-04-01 01:56:45 #319 INFO] scenario_risk  89% [198 submitted, 0 queued]
[2021-04-01 01:56:45 #319 INFO] scenario_risk  90% [198 submitted, 0 queued]
[2021-04-01 01:56:45 #319 INFO] scenario_risk  91% [198 submitted, 0 queued]
[2021-04-01 01:56:45 #319 INFO] scenario_risk  92% [198 submitted, 0 queued]
[2021-04-01 01:56:45 #319 INFO] scenario_risk  93% [198 submitted, 0 queued]
[2021-04-01 01:56:45 #319 INFO] scenario_risk  94% [198 submitted, 0 queued]
[2021-04-01 01:56:46 #319 INFO] scenario_risk  95% [198 submitted, 0 queued]
[2021-04-01 01:56:46 #319 INFO] scenario_risk  96% [198 submitted, 0 queued]
[2021-04-01 01:56:47 #319 INFO] scenario_risk  97% [198 submitted, 0 queued]
[2021-04-01 01:56:53 #319 INFO] scenario_risk  98% [198 submitted, 0 queued]
[2021-04-01 01:57:02 #319 INFO] scenario_risk  99% [198 submitted, 0 queued]
[2021-04-01 01:57:02 #319 INFO] scenario_risk 100% [198 submitted, 0 queued]
[2021-04-01 01:57:03 #319 INFO] Received {'ael': '4.08 GB', 'avg': '116.33 MB', 'agg': '1.84 MB'} in 71 seconds
[2021-04-01 01:57:04 #319 CRITICAL] 
Traceback (most recent call last):
  File "/root/storage/openquake/src/oq-engine/openquake/calculators/base.py", line 248, in run
    self.post_execute(self.result)
  File "/root/storage/openquake/src/oq-engine/openquake/calculators/scenario_risk.py", line 192, in post_execute
    rtol=1E-5)
  File "/root/storage/openquake/oqenv/lib/python3.6/site-packages/numpy/testing/_private/utils.py", line 1503, in assert_allclose
    verbose=verbose, header=header, equal_nan=equal_nan)
  File "/root/storage/openquake/oqenv/lib/python3.6/site-packages/numpy/testing/_private/utils.py", line 829, in assert_array_compare
    raise AssertionError(msg)
AssertionError: 
Not equal to tolerance rtol=1e-05, atol=0

Mismatch: 100%
Max absolute difference: 9353216.
Max relative difference: 0.00049927
 x: array([[4.724455e+09, 1.953475e+10, 1.334552e+10],
       [3.094674e+09, 1.302282e+10, 1.004918e+10],
       [4.298036e+09, 1.775630e+10, 1.167164e+10],
       [7.307342e+09, 3.003493e+10, 1.872427e+10]], dtype=float32)
 y: array([[4.725793e+09, 1.954254e+10, 1.335141e+10],
       [3.094989e+09, 1.302415e+10, 1.005351e+10],
       [4.298438e+09, 1.775998e+10, 1.167624e+10],
       [7.308323e+09, 3.004030e+10, 1.873362e+10]], dtype=float32)
[2021-04-01 01:57:04 #319 CRITICAL] Traceback (most recent call last):
  File "/root/storage/openquake/src/oq-engine/openquake/engine/engine.py", line 308, in run_calc
    calc.run(exports=exports, **kw)
  File "/root/storage/openquake/src/oq-engine/openquake/calculators/base.py", line 248, in run
    self.post_execute(self.result)
  File "/root/storage/openquake/src/oq-engine/openquake/calculators/scenario_risk.py", line 192, in post_execute
    rtol=1E-5)
  File "/root/storage/openquake/oqenv/lib/python3.6/site-packages/numpy/testing/_private/utils.py", line 1503, in assert_allclose
    verbose=verbose, header=header, equal_nan=equal_nan)
  File "/root/storage/openquake/oqenv/lib/python3.6/site-packages/numpy/testing/_private/utils.py", line 829, in assert_array_compare
    raise AssertionError(msg)
AssertionError: 
Not equal to tolerance rtol=1e-05, atol=0

Mismatch: 100%
Max absolute difference: 9353216.
Max relative difference: 0.00049927
 x: array([[4.724455e+09, 1.953475e+10, 1.334552e+10],
       [3.094674e+09, 1.302282e+10, 1.004918e+10],
       [4.298036e+09, 1.775630e+10, 1.167164e+10],
       [7.307342e+09, 3.003493e+10, 1.872427e+10]], dtype=float32)
 y: array([[4.725793e+09, 1.954254e+10, 1.335141e+10],
       [3.094989e+09, 1.302415e+10, 1.005351e+10],
       [4.298438e+09, 1.775998e+10, 1.167624e+10],
       [7.308323e+09, 3.004030e+10, 1.873362e+10]], dtype=float32)

here:  /root/storage/openquake/src/oq-engine/openquake/hazardlib/gsim/NBCC2020_tables/BC17/BC17_2k_V2.hdf5
here:  /root/storage/openquake/src/oq-engine/openquake/hazardlib/gsim/NBCC2020_tables/BC17/BC17_2k_V2.hdf5
here:  /root/storage/openquake/src/oq-engine/openquake/hazardlib/gsim/NBCC2020_tables/BC17/BC17_2k_V2.hdf5
here:  /root/storage/openquake/src/oq-engine/openquake/hazardlib/gsim/NBCC2020_tables/BC17/BC17_2k_V2.hdf5
here:  /root/storage/openquake/src/oq-engine/openquake/hazardlib/gsim/NBCC2020_tables/BC17/BC17_2k_V2.hdf5
here:  /root/storage/openquake/src/oq-engine/openquake/hazardlib/gsim/NBCC2020_tables/BC17/BC17_2k_V2.hdf5
here:  /root/storage/openquake/src/oq-engine/openquake/hazardlib/gsim/NBCC2020_tables/BC17/BC17_2k_V2.hdf5
here:  /root/storage/openquake/src/oq-engine/openquake/hazardlib/gsim/NBCC2020_tables/BC17/BC17_2k_V2.hdf5
here:  /root/storage/openquake/src/oq-engine/openquake/hazardlib/gsim/NBCC2020_tables/BC17/BC17_2k_V2.hdf5
here:  /root/storage/openquake/src/oq-engine/openquake/hazardlib/gsim/NBCC2020_tables/BC17/BC17_2k_V2.hdf5
here:  /root/storage/openquake/src/oq-engine/openquake/hazardlib/gsim/NBCC2020_tables/BC17/BC17_2k_V2.hdf5
here:  /root/storage/openquake/src/oq-engine/openquake/hazardlib/gsim/NBCC2020_tables/BC17/BC17_2k_V2.hdf5
here:  /root/storage/openquake/src/oq-engine/openquake/hazardlib/gsim/NBCC2020_tables/BC17/BC17_2k_V2.hdf5
here:  /root/storage/openquake/src/oq-engine/openquake/hazardlib/gsim/NBCC2020_tables/BC17/BC17_2k_V2.hdf5
here:  /root/storage/openquake/src/oq-engine/openquake/hazardlib/gsim/NBCC2020_tables/BC17/BC17_2k_V2.hdf5
here:  /root/storage/openquake/src/oq-engine/openquake/hazardlib/gsim/NBCC2020_tables/BC17/BC17_2k_V2.hdf5
here:  /root/storage/openquake/src/oq-engine/openquake/hazardlib/gsim/NBCC2020_tables/BC17/BC17_2k_V2.hdf5
here:  /root/storage/openquake/src/oq-engine/openquake/hazardlib/gsim/NBCC2020_tables/BC17/BC17_2k_V2.hdf5
here:  /root/storage/openquake/src/oq-engine/openquake/hazardlib/gsim/NBCC2020_tables/BC17/BC17_2k_V2.hdf5
here:  /root/storage/openquake/src/oq-engine/openquake/hazardlib/gsim/NBCC2020_tables/BC17/BC17_2k_V2.hdf5
here:  /root/storage/openquake/src/oq-engine/openquake/hazardlib/gsim/NBCC2020_tables/BC17/BC17_2k_V2.hdf5
here:  /root/storage/openquake/src/oq-engine/openquake/hazardlib/gsim/NBCC2020_tables/BC17/BC17_2k_V2.hdf5
here:  /root/storage/openquake/src/oq-engine/openquake/hazardlib/gsim/NBCC2020_tables/BC17/BC17_2k_V2.hdf5
here:  /root/storage/openquake/src/oq-engine/openquake/hazardlib/gsim/NBCC2020_tables/BC17/BC17_2k_V2.hdf5
here:  /root/storage/openquake/src/oq-engine/openquake/hazardlib/gsim/NBCC2020_tables/BC17/BC17_2k_V2.hdf5
here:  /root/storage/openquake/src/oq-engine/openquake/hazardlib/gsim/NBCC2020_tables/BC17/BC17_2k_V2.hdf5
here:  /root/storage/openquake/src/oq-engine/openquake/hazardlib/gsim/NBCC2020_tables/BC17/BC17_2k_V2.hdf5
here:  /root/storage/openquake/src/oq-engine/openquake/hazardlib/gsim/NBCC2020_tables/BC17/BC17_2k_V2.hdf5
here:  /root/storage/openquake/src/oq-engine/openquake/hazardlib/gsim/NBCC2020_tables/BC17/BC17_2k_V2.hdf5
here:  /root/storage/openquake/src/oq-engine/openquake/hazardlib/gsim/NBCC2020_tables/BC17/BC17_2k_V2.hdf5
here:  /root/storage/openquake/src/oq-engine/openquake/hazardlib/gsim/NBCC2020_tables/BC17/BC17_2k_V2.hdf5
here:  /root/storage/openquake/src/oq-engine/openquake/hazardlib/gsim/NBCC2020_tables/BC17/BC17_2k_V2.hdf5
here:  /root/storage/openquake/src/oq-engine/openquake/hazardlib/gsim/NBCC2020_tables/BC17/BC17_2k_V2.hdf5
here:  /root/storage/openquake/src/oq-engine/openquake/hazardlib/gsim/NBCC2020_tables/BC17/BC17_2k_V2.hdf5
here:  /root/storage/openquake/src/oq-engine/openquake/hazardlib/gsim/NBCC2020_tables/BC17/BC17_2k_V2.hdf5
here:  /root/storage/openquake/src/oq-engine/openquake/hazardlib/gsim/NBCC2020_tables/BC17/BC17_2k_V2.hdf5
here:  /root/storage/openquake/src/oq-engine/openquake/hazardlib/gsim/NBCC2020_tables/BC17/BC17_2k_V2.hdf5
here:  /root/storage/openquake/src/oq-engine/openquake/hazardlib/gsim/NBCC2020_tables/BC17/BC17_2k_V2.hdf5
here:  /root/storage/openquake/src/oq-engine/openquake/hazardlib/gsim/NBCC2020_tables/BC17/BC17_2k_V2.hdf5
here:  /root/storage/openquake/src/oq-engine/openquake/hazardlib/gsim/NBCC2020_tables/BC17/BC17_2k_V2.hdf5
here:  /root/storage/openquake/src/oq-engine/openquake/hazardlib/gsim/NBCC2020_tables/BC17/BC17_2k_V2.hdf5
here:  /root/storage/openquake/src/oq-engine/openquake/hazardlib/gsim/NBCC2020_tables/BC17/BC17_2k_V2.hdf5
here:  /root/storage/openquake/src/oq-engine/openquake/hazardlib/gsim/NBCC2020_tables/BC17/BC17_2k_V2.hdf5
here:  /root/storage/openquake/src/oq-engine/openquake/hazardlib/gsim/NBCC2020_tables/BC17/BC17_2k_V2.hdf5
here:  /root/storage/openquake/src/oq-engine/openquake/hazardlib/gsim/NBCC2020_tables/BC17/BC17_2k_V2.hdf5
here:  /root/storage/openquake/src/oq-engine/openquake/hazardlib/gsim/NBCC2020_tables/BC17/BC17_2k_V2.hdf5
here:  /root/storage/openquake/src/oq-engine/openquake/hazardlib/gsim/NBCC2020_tables/BC17/BC17_2k_V2.hdf5
here:  /root/storage/openquake/src/oq-engine/openquake/hazardlib/gsim/NBCC2020_tables/BC17/BC17_2k_V2.hdf5
here:  /root/storage/openquake/src/oq-engine/openquake/hazardlib/gsim/NBCC2020_tables/BC17/BC17_2k_V2.hdf5
here:  /root/storage/openquake/src/oq-engine/openquake/hazardlib/gsim/NBCC2020_tables/BC17/BC17_2k_V2.hdf5
here:  /root/storage/openquake/src/oq-engine/openquake/hazardlib/gsim/NBCC2020_tables/BC17/BC17_2k_V2.hdf5
here:  /root/storage/openquake/src/oq-engine/openquake/hazardlib/gsim/NBCC2020_tables/BC17/BC17_2k_V2.hdf5
here:  /root/storage/openquake/src/oq-engine/openquake/hazardlib/gsim/NBCC2020_tables/BC17/BC17_2k_V2.hdf5
here:  /root/storage/openquake/src/oq-engine/openquake/hazardlib/gsim/NBCC2020_tables/BC17/BC17_2k_V2.hdf5
here:  /root/storage/openquake/src/oq-engine/openquake/hazardlib/gsim/NBCC2020_tables/BC17/BC17_2k_V2.hdf5
here:  /root/storage/openquake/src/oq-engine/openquake/hazardlib/gsim/NBCC2020_tables/BC17/BC17_2k_V2.hdf5
here:  /root/storage/openquake/src/oq-engine/openquake/hazardlib/gsim/NBCC2020_tables/BC17/BC17_2k_V2.hdf5
here:  /root/storage/openquake/src/oq-engine/openquake/hazardlib/gsim/NBCC2020_tables/BC17/BC17_2k_V2.hdf5
here:  /root/storage/openquake/src/oq-engine/openquake/hazardlib/gsim/NBCC2020_tables/BC17/BC17_2k_V2.hdf5
here:  /root/storage/openquake/src/oq-engine/openquake/hazardlib/gsim/NBCC2020_tables/BC17/BC17_2k_V2.hdf5
here:  /root/storage/openquake/src/oq-engine/openquake/hazardlib/gsim/NBCC2020_tables/BC17/BC17_2k_V2.hdf5
here:  /root/storage/openquake/src/oq-engine/openquake/hazardlib/gsim/NBCC2020_tables/BC17/BC17_2k_V2.hdf5
here:  /root/storage/openquake/src/oq-engine/openquake/hazardlib/gsim/NBCC2020_tables/BC17/BC17_2k_V2.hdf5
here:  /root/storage/openquake/src/oq-engine/openquake/hazardlib/gsim/NBCC2020_tables/BC17/BC17_2k_V2.hdf5
here:  /root/storage/openquake/src/oq-engine/openquake/hazardlib/gsim/NBCC2020_tables/BC17/BC17_2k_V2.hdf5
here:  /root/storage/openquake/src/oq-engine/openquake/hazardlib/gsim/NBCC2020_tables/BC17/BC17_2k_V2.hdf5
here:  /root/storage/openquake/src/oq-engine/openquake/hazardlib/gsim/NBCC2020_tables/BC17/BC17_2k_V2.hdf5
here:  /root/storage/openquake/src/oq-engine/openquake/hazardlib/gsim/NBCC2020_tables/BC17/BC17_2k_V2.hdf5
here:  /root/storage/openquake/src/oq-engine/openquake/hazardlib/gsim/NBCC2020_tables/BC17/BC17_2k_V2.hdf5
here:  /root/storage/openquake/src/oq-engine/openquake/hazardlib/gsim/NBCC2020_tables/BC17/BC17_2k_V2.hdf5
here:  /root/storage/openquake/src/oq-engine/openquake/hazardlib/gsim/NBCC2020_tables/BC17/BC17_2k_V2.hdf5
here:  /root/storage/openquake/src/oq-engine/openquake/hazardlib/gsim/NBCC2020_tables/BC17/BC17_2k_V2.hdf5
here:  /root/storage/openquake/src/oq-engine/openquake/hazardlib/gsim/NBCC2020_tables/BC17/BC17_2k_V2.hdf5
here:  /root/storage/openquake/src/oq-engine/openquake/hazardlib/gsim/NBCC2020_tables/BC17/BC17_2k_V2.hdf5
here:  /root/storage/openquake/src/oq-engine/openquake/hazardlib/gsim/NBCC2020_tables/BC17/BC17_2k_V2.hdf5
here:  /root/storage/openquake/src/oq-engine/openquake/hazardlib/gsim/NBCC2020_tables/BC17/BC17_2k_V2.hdf5
here:  /root/storage/openquake/src/oq-engine/openquake/hazardlib/gsim/NBCC2020_tables/BC17/BC17_2k_V2.hdf5
here:  /root/storage/openquake/src/oq-engine/openquake/hazardlib/gsim/NBCC2020_tables/BC17/BC17_2k_V2.hdf5
here:  /root/storage/openquake/src/oq-engine/openquake/hazardlib/gsim/NBCC2020_tables/BC17/BC17_2k_V2.hdf5
here:  /root/storage/openquake/src/oq-engine/openquake/hazardlib/gsim/NBCC2020_tables/BC17/BC17_2k_V2.hdf5
here:  /root/storage/openquake/src/oq-engine/openquake/hazardlib/gsim/NBCC2020_tables/BC17/BC17_2k_V2.hdf5
here:  /root/storage/openquake/src/oq-engine/openquake/hazardlib/gsim/NBCC2020_tables/BC17/BC17_2k_V2.hdf5
here:  /root/storage/openquake/src/oq-engine/openquake/hazardlib/gsim/NBCC2020_tables/BC17/BC17_2k_V2.hdf5
here:  /root/storage/openquake/src/oq-engine/openquake/hazardlib/gsim/NBCC2020_tables/BC17/BC17_2k_V2.hdf5
here:  /root/storage/openquake/src/oq-engine/openquake/hazardlib/gsim/NBCC2020_tables/BC17/BC17_2k_V2.hdf5
here:  /root/storage/openquake/src/oq-engine/openquake/hazardlib/gsim/NBCC2020_tables/BC17/BC17_2k_V2.hdf5
here:  /root/storage/openquake/src/oq-engine/openquake/hazardlib/gsim/NBCC2020_tables/BC17/BC17_2k_V2.hdf5
here:  /root/storage/openquake/src/oq-engine/openquake/hazardlib/gsim/NBCC2020_tables/BC17/BC17_2k_V2.hdf5
here:  /root/storage/openquake/src/oq-engine/openquake/hazardlib/gsim/NBCC2020_tables/BC17/BC17_2k_V2.hdf5
here:  /root/storage/openquake/src/oq-engine/openquake/hazardlib/gsim/NBCC2020_tables/BC17/BC17_2k_V2.hdf5
here:  /root/storage/openquake/src/oq-engine/openquake/hazardlib/gsim/NBCC2020_tables/BC17/BC17_2k_V2.hdf5
here:  /root/storage/openquake/src/oq-engine/openquake/hazardlib/gsim/NBCC2020_tables/BC17/BC17_2k_V2.hdf5
here:  /root/storage/openquake/src/oq-engine/openquake/hazardlib/gsim/NBCC2020_tables/BC17/BC17_2k_V2.hdf5
here:  /root/storage/openquake/src/oq-engine/openquake/hazardlib/gsim/NBCC2020_tables/BC17/BC17_2k_V2.hdf5
here:  /root/storage/openquake/src/oq-engine/openquake/hazardlib/gsim/NBCC2020_tables/BC17/BC17_2k_V2.hdf5
here:  /root/storage/openquake/src/oq-engine/openquake/hazardlib/gsim/NBCC2020_tables/BC17/BC17_2k_V2.hdf5
Traceback (most recent call last):
  File "/root/storage/openquake/oqenv/bin/oq", line 11, in <module>
    load_entry_point('openquake.engine', 'console_scripts', 'oq')()
  File "/root/storage/openquake/src/oq-engine/openquake/commands/__main__.py", line 54, in oq
    parser.callfunc()
  File "/root/storage/openquake/src/oq-engine/openquake/baselib/sap.py", line 181, in callfunc
    return self.func(**vars(namespace))
  File "/root/storage/openquake/src/oq-engine/openquake/baselib/sap.py", line 251, in main
    return func(**kw)
  File "/root/storage/openquake/src/oq-engine/openquake/commands/engine.py", line 148, in engine
    run_jobs(job_inis, log_level, log_file, exports, **pars)
  File "/root/storage/openquake/src/oq-engine/openquake/engine/engine.py", line 441, in run_jobs
    run_calc(*args)
  File "/root/storage/openquake/src/oq-engine/openquake/engine/engine.py", line 308, in run_calc
    calc.run(exports=exports, **kw)
  File "/root/storage/openquake/src/oq-engine/openquake/calculators/base.py", line 248, in run
    self.post_execute(self.result)
  File "/root/storage/openquake/src/oq-engine/openquake/calculators/scenario_risk.py", line 192, in post_execute
    rtol=1E-5)
  File "/root/storage/openquake/oqenv/lib/python3.6/site-packages/numpy/testing/_private/utils.py", line 1503, in assert_allclose
    verbose=verbose, header=header, equal_nan=equal_nan)
  File "/root/storage/openquake/oqenv/lib/python3.6/site-packages/numpy/testing/_private/utils.py", line 829, in assert_array_compare
    raise AssertionError(msg)
AssertionError: 
Not equal to tolerance rtol=1e-05, atol=0

Mismatch: 100%
Max absolute difference: 9353216.
Max relative difference: 0.00049927
 x: array([[4.724455e+09, 1.953475e+10, 1.334552e+10],
       [3.094674e+09, 1.302282e+10, 1.004918e+10],
       [4.298036e+09, 1.775630e+10, 1.167164e+10],
       [7.307342e+09, 3.003493e+10, 1.872427e+10]], dtype=float32)
 y: array([[4.725793e+09, 1.954254e+10, 1.335141e+10],
       [3.094989e+09, 1.302415e+10, 1.005351e+10],
       [4.298438e+09, 1.775998e+10, 1.167624e+10],
       [7.308323e+09, 3.004030e+10, 1.873362e+10]], dtype=float32)
