[2021-10-14 05:25:58 #127 INFO] thobbs running /Users/thobbs/Documents/GitHub/earthquake-scenarios/initializations/s_Risk_ACM7p0_GeorgiaStraitFault_b0_b.ini [--hc=None]
[2021-10-14 05:25:58 #127 INFO] Using engine version 3.11.3-git0cccb86798
[2021-10-14 05:25:59 #127 WARNING] Version v3.11.4 of the engine is available, but you are still using version 3.11.3-git0cccb86798
[2021-10-14 05:25:59 #127 WARNING] Using 16 cores on L-VAN-AC02ZW7L4MD6N.local
[2021-10-14 05:25:59 #127 INFO] Checksum of the input files: 3215837928
[2021-10-14 05:25:59 #127 INFO] Reading the risk model if present
[2021-10-14 05:26:12 #127 INFO] Reading /Users/thobbs/Documents/GitHub/openquake-inputs/exposure/general-building-stock/oqBldgExp_BC.xml
[2021-10-14 05:26:31 #127 INFO] Extracting the hazard sites from the site model
[2021-10-14 05:26:34 #127 INFO] Associated 274630 assets to 20013 sites
[2021-10-14 05:26:45 #127 INFO] Reducing risk model from 7260 to 1396 taxonomies
[2021-10-14 05:26:47 #127 INFO] minimum_asset_loss={'contents': 0, 'nonstructural': 0, 'occupants': 0, 'structural': 0}
[2021-10-14 05:26:47 #127 INFO] gzipping the input files
[2021-10-14 05:26:50 #127 INFO] Storing risk model
[2021-10-14 05:26:50 #127 INFO] minimum_intensity={'SA(1.0)': 0.05, 'SA(0.5)': 0.05, 'SA(0.3)': 0.0, 'SA(0.6)': 0.05, 'SA(2.0)': 0.05}
[2021-10-14 05:26:51 #127 INFO] There are 4 realization(s)
[2021-10-14 05:26:51 #127 INFO] Reordering the ruptures and storing the events
[2021-10-14 05:26:51 #127 INFO] Associating event_id -> rlz_id for 1_600 events and 400 ruptures
[2021-10-14 05:26:51 #127 INFO] Reading 400 ruptures
[2021-10-14 05:28:03 #127 INFO] compute_gmfs   2% [17 submitted, 17 queued]
[2021-10-14 05:28:09 #127 INFO] compute_gmfs   5% [18 submitted, 16 queued]
[2021-10-14 05:28:09 #127 INFO] compute_gmfs   8% [19 submitted, 15 queued]
[2021-10-14 05:28:09 #127 INFO] compute_gmfs  11% [20 submitted, 14 queued]
[2021-10-14 05:28:09 #127 INFO] compute_gmfs  14% [21 submitted, 13 queued]
[2021-10-14 05:28:09 #127 INFO] compute_gmfs  17% [22 submitted, 12 queued]
[2021-10-14 05:28:09 #127 INFO] compute_gmfs  20% [23 submitted, 11 queued]
[2021-10-14 05:28:09 #127 INFO] compute_gmfs  23% [24 submitted, 10 queued]
[2021-10-14 05:28:09 #127 INFO] compute_gmfs  26% [25 submitted, 9 queued]
[2021-10-14 05:28:09 #127 INFO] compute_gmfs  29% [26 submitted, 8 queued]
[2021-10-14 05:28:09 #127 INFO] compute_gmfs  32% [27 submitted, 7 queued]
[2021-10-14 05:28:09 #127 INFO] compute_gmfs  35% [28 submitted, 6 queued]
[2021-10-14 05:28:09 #127 INFO] compute_gmfs  38% [29 submitted, 5 queued]
[2021-10-14 05:28:09 #127 INFO] compute_gmfs  41% [30 submitted, 4 queued]
[2021-10-14 05:28:09 #127 INFO] compute_gmfs  44% [31 submitted, 3 queued]
[2021-10-14 05:28:09 #127 INFO] compute_gmfs  47% [32 submitted, 2 queued]
[2021-10-14 05:29:03 #127 INFO] compute_gmfs  50% [33 submitted, 1 queued]
[2021-10-14 05:29:19 #127 INFO] compute_gmfs  52% [34 submitted, 0 queued]
[2021-10-14 05:29:25 #127 INFO] compute_gmfs  55% [34 submitted, 0 queued]
[2021-10-14 05:29:25 #127 INFO] compute_gmfs  58% [34 submitted, 0 queued]
[2021-10-14 05:29:25 #127 INFO] compute_gmfs  61% [34 submitted, 0 queued]
[2021-10-14 05:29:25 #127 INFO] compute_gmfs  64% [34 submitted, 0 queued]
[2021-10-14 05:29:25 #127 INFO] compute_gmfs  67% [34 submitted, 0 queued]
[2021-10-14 05:29:25 #127 INFO] compute_gmfs  70% [34 submitted, 0 queued]
[2021-10-14 05:29:25 #127 INFO] compute_gmfs  73% [34 submitted, 0 queued]
[2021-10-14 05:29:25 #127 INFO] compute_gmfs  76% [34 submitted, 0 queued]
[2021-10-14 05:29:25 #127 INFO] compute_gmfs  79% [34 submitted, 0 queued]
[2021-10-14 05:29:25 #127 INFO] compute_gmfs  82% [34 submitted, 0 queued]
[2021-10-14 05:29:25 #127 INFO] compute_gmfs  85% [34 submitted, 0 queued]
[2021-10-14 05:29:25 #127 INFO] compute_gmfs  88% [34 submitted, 0 queued]
[2021-10-14 05:29:25 #127 INFO] compute_gmfs  91% [34 submitted, 0 queued]
[2021-10-14 05:29:25 #127 INFO] compute_gmfs  94% [34 submitted, 0 queued]
[2021-10-14 05:29:28 #127 INFO] compute_gmfs  97% [34 submitted, 0 queued]
[2021-10-14 05:29:40 #127 INFO] compute_gmfs 100% [34 submitted, 0 queued]
[2021-10-14 05:29:40 #127 INFO] Mean time per core=140s, std=6.4s, min=137s, max=164s
[2021-10-14 05:29:40 #127 INFO] Received {'gmfdata': '785.8 MB', 'sig_eps': '90.1 KB', 'times': '14.81 KB', 'hcurves': '170 B'} in 168 seconds
[2021-10-14 05:29:40 #127 INFO] Stored 550.19 MB of GMFs
[2021-10-14 05:29:52 #127 INFO] Checking seed dependency
[2021-10-14 05:29:54 #127 INFO] Building risk inputs from 4 realization(s)
[2021-10-14 05:29:59 #127 INFO] Grouping the GMFs by site ID
[2021-10-14 05:30:15 #127 INFO] Built 20014 risk inputs
[2021-10-14 05:30:27 #127 INFO] Sent 33 tasks, 934.25 MB in 10 seconds
[2021-10-14 05:30:40 #127 INFO] event_based_risk   3% [33 submitted, 0 queued]
[2021-10-14 05:30:42 #127 INFO] event_based_risk   6% [33 submitted, 0 queued]
[2021-10-14 05:30:48 #127 INFO] event_based_risk   9% [33 submitted, 0 queued]
[2021-10-14 05:31:02 #127 INFO] event_based_risk  12% [33 submitted, 0 queued]
[2021-10-14 05:31:10 #127 INFO] event_based_risk  15% [33 submitted, 0 queued]
[2021-10-14 05:31:14 #127 INFO] event_based_risk  18% [33 submitted, 0 queued]
[2021-10-14 05:31:18 #127 INFO] event_based_risk  21% [33 submitted, 0 queued]
[2021-10-14 05:31:22 #127 INFO] event_based_risk  24% [33 submitted, 0 queued]
[2021-10-14 05:31:23 #127 INFO] event_based_risk  27% [33 submitted, 0 queued]
[2021-10-14 05:31:26 #127 INFO] event_based_risk  30% [33 submitted, 0 queued]
[2021-10-14 05:31:26 #127 INFO] event_based_risk  33% [33 submitted, 0 queued]
[2021-10-14 05:31:27 #127 INFO] event_based_risk  36% [33 submitted, 0 queued]
[2021-10-14 05:31:31 #127 INFO] event_based_risk  39% [33 submitted, 0 queued]
[2021-10-14 05:31:32 #127 INFO] event_based_risk  42% [33 submitted, 0 queued]
[2021-10-14 05:31:34 #127 INFO] event_based_risk  45% [33 submitted, 0 queued]
[2021-10-14 05:31:35 #127 INFO] event_based_risk  48% [33 submitted, 0 queued]
[2021-10-14 05:31:59 #127 INFO] event_based_risk  51% [33 submitted, 0 queued]
[2021-10-14 05:32:00 #127 INFO] event_based_risk  54% [33 submitted, 0 queued]
[2021-10-14 05:32:09 #127 INFO] event_based_risk  57% [33 submitted, 0 queued]
[2021-10-14 05:32:20 #127 INFO] event_based_risk  60% [33 submitted, 0 queued]
[2021-10-14 05:32:25 #127 INFO] event_based_risk  63% [33 submitted, 0 queued]
[2021-10-14 05:32:26 #127 INFO] event_based_risk  66% [33 submitted, 0 queued]
[2021-10-14 05:32:34 #127 INFO] event_based_risk  69% [33 submitted, 0 queued]
[2021-10-14 05:32:34 #127 INFO] event_based_risk  72% [33 submitted, 0 queued]
[2021-10-14 05:32:36 #127 INFO] event_based_risk  75% [33 submitted, 0 queued]
[2021-10-14 05:32:39 #127 INFO] event_based_risk  78% [33 submitted, 0 queued]
[2021-10-14 05:32:41 #127 INFO] event_based_risk  81% [33 submitted, 0 queued]
[2021-10-14 05:32:44 #127 INFO] event_based_risk  84% [33 submitted, 0 queued]
[2021-10-14 05:32:44 #127 INFO] event_based_risk  87% [33 submitted, 0 queued]
[2021-10-14 05:32:53 #127 INFO] event_based_risk  90% [33 submitted, 0 queued]
[2021-10-14 05:33:04 #127 INFO] event_based_risk  93% [33 submitted, 0 queued]
[2021-10-14 05:33:21 #127 INFO] event_based_risk  96% [33 submitted, 0 queued]
[2021-10-14 05:34:06 #127 INFO] event_based_risk 100% [33 submitted, 0 queued]
[2021-10-14 05:34:06 #127 INFO] Mean time per core=139s, std=27.2s, min=97s, max=217s
[2021-10-14 05:34:06 #127 INFO] Received {'losses_by_asset': '131.12 MB', 'alt': '3.03 MB'} in 218 seconds
[2021-10-14 05:34:06 #127 INFO] Saving the agg_loss_table
[2021-10-14 05:34:06 #127 INFO] Total portfolio loss
==== ================= ================= ========= =================
loss contents          nonstructural     occupants structural       
==== ================= ================= ========= =================
avg  1_484_601_213_184 6_223_306_114_432 169_722   4_415_380_210_048
==== ================= ================= ========= =================
[2021-10-14 05:34:07 #127 WARNING] Due to rounding errors inherent in floating-point arithmetic, agg_losses != sum(avg_losses): 7577054000.0 != 7575632000.0
see https://docs.openquake.org/oq-engine/advanced/addition-is-non-associative.html
[2021-10-14 05:34:07 #127 INFO] Exposing the outputs to the database
[2021-10-14 05:34:07 #127 INFO] Stored 514.28 MB on /Users/thobbs/oqdata/calc_127.hdf5 in 487 seconds
[2021-10-14 05:34:07 #128 INFO] thobbs running /Users/thobbs/Documents/GitHub/earthquake-scenarios/initializations/s_Risk_ACM7p0_GeorgiaStraitFault_r1_b.ini [--hc=127]
[2021-10-14 05:34:07 #128 INFO] Using engine version 3.11.3-git0cccb86798
[2021-10-14 05:34:08 #128 WARNING] Version v3.11.4 of the engine is available, but you are still using version 3.11.3-git0cccb86798
[2021-10-14 05:34:08 #128 WARNING] Using 16 cores on L-VAN-AC02ZW7L4MD6N.local
[2021-10-14 05:34:08 #128 INFO] Checksum of the input files: 3215837928
[2021-10-14 05:34:08 #128 INFO] Reading the risk model if present
[2021-10-14 05:34:22 #128 INFO] Reading /Users/thobbs/Documents/GitHub/openquake-inputs/exposure/general-building-stock/oqBldgExp_BC.xml
[2021-10-14 05:34:43 #128 INFO] Associated 274630 assets to 20013 sites
[2021-10-14 05:34:54 #128 INFO] Reducing risk model from 7260 to 726 taxonomies
[2021-10-14 05:34:56 #128 INFO] minimum_asset_loss={'contents': 0, 'nonstructural': 0, 'occupants': 0, 'structural': 0}
[2021-10-14 05:34:56 #128 INFO] Storing risk model
[2021-10-14 05:34:56 #128 INFO] Building risk inputs from 4 realization(s)
[2021-10-14 05:35:01 #128 INFO] Grouping the GMFs by site ID
[2021-10-14 05:35:17 #128 INFO] Built 20014 risk inputs
  id | name
 735 | Aggregate Event Losses
 736 | Aggregate Losses Statistics
 737 | Average Asset Losses Statistics
 738 | Events
 739 | Full Report
 740 | Ground Motion Fields
 741 | Input Files
 742 | Realizations
[2021-10-14 05:35:28 #128 INFO] Sent 33 tasks, 934.14 MB in 9 seconds
[2021-10-14 05:35:41 #128 INFO] event_based_risk   3% [33 submitted, 0 queued]
[2021-10-14 05:35:44 #128 INFO] event_based_risk   6% [33 submitted, 0 queued]
[2021-10-14 05:35:49 #128 INFO] event_based_risk   9% [33 submitted, 0 queued]
[2021-10-14 05:36:03 #128 INFO] event_based_risk  12% [33 submitted, 0 queued]
[2021-10-14 05:36:11 #128 INFO] event_based_risk  15% [33 submitted, 0 queued]
[2021-10-14 05:36:16 #128 INFO] event_based_risk  18% [33 submitted, 0 queued]
[2021-10-14 05:36:20 #128 INFO] event_based_risk  21% [33 submitted, 0 queued]
[2021-10-14 05:36:23 #128 INFO] event_based_risk  24% [33 submitted, 0 queued]
[2021-10-14 05:36:26 #128 INFO] event_based_risk  27% [33 submitted, 0 queued]
[2021-10-14 05:36:27 #128 INFO] event_based_risk  30% [33 submitted, 0 queued]
[2021-10-14 05:36:29 #128 INFO] event_based_risk  33% [33 submitted, 0 queued]
[2021-10-14 05:36:30 #128 INFO] event_based_risk  36% [33 submitted, 0 queued]
[2021-10-14 05:36:35 #128 INFO] event_based_risk  39% [33 submitted, 0 queued]
[2021-10-14 05:36:35 #128 INFO] event_based_risk  42% [33 submitted, 0 queued]
[2021-10-14 05:36:37 #128 INFO] event_based_risk  45% [33 submitted, 0 queued]
[2021-10-14 05:36:37 #128 INFO] event_based_risk  48% [33 submitted, 0 queued]
[2021-10-14 05:37:00 #128 INFO] event_based_risk  51% [33 submitted, 0 queued]
[2021-10-14 05:37:02 #128 INFO] event_based_risk  54% [33 submitted, 0 queued]
[2021-10-14 05:37:10 #128 INFO] event_based_risk  57% [33 submitted, 0 queued]
[2021-10-14 05:37:20 #128 INFO] event_based_risk  60% [33 submitted, 0 queued]
[2021-10-14 05:37:27 #128 INFO] event_based_risk  63% [33 submitted, 0 queued]
[2021-10-14 05:37:27 #128 INFO] event_based_risk  66% [33 submitted, 0 queued]
[2021-10-14 05:37:34 #128 INFO] event_based_risk  69% [33 submitted, 0 queued]
[2021-10-14 05:37:35 #128 INFO] event_based_risk  72% [33 submitted, 0 queued]
[2021-10-14 05:37:38 #128 INFO] event_based_risk  75% [33 submitted, 0 queued]
[2021-10-14 05:37:40 #128 INFO] event_based_risk  78% [33 submitted, 0 queued]
[2021-10-14 05:37:42 #128 INFO] event_based_risk  81% [33 submitted, 0 queued]
[2021-10-14 05:37:45 #128 INFO] event_based_risk  84% [33 submitted, 0 queued]
[2021-10-14 05:37:46 #128 INFO] event_based_risk  87% [33 submitted, 0 queued]
[2021-10-14 05:37:54 #128 INFO] event_based_risk  90% [33 submitted, 0 queued]
[2021-10-14 05:38:04 #128 INFO] event_based_risk  93% [33 submitted, 0 queued]
[2021-10-14 05:38:19 #128 INFO] event_based_risk  96% [33 submitted, 0 queued]
[2021-10-14 05:39:10 #128 INFO] event_based_risk 100% [33 submitted, 0 queued]
[2021-10-14 05:39:10 #128 INFO] Mean time per core=136s, std=27.0s, min=97s, max=216s
[2021-10-14 05:39:10 #128 INFO] Received {'losses_by_asset': '122.89 MB', 'alt': '3.03 MB'} in 221 seconds
[2021-10-14 05:39:10 #128 INFO] Saving the agg_loss_table
[2021-10-14 05:39:10 #128 INFO] Total portfolio loss
==== =============== ================= ========= =================
loss contents        nonstructural     occupants structural       
==== =============== ================= ========= =================
avg  991_309_347_640 4_301_243_829_344 83_401    3_401_312_828_480
==== =============== ================= ========= =================
[2021-10-14 05:39:10 #128 WARNING] Due to rounding errors inherent in floating-point arithmetic, agg_losses != sum(avg_losses): 5433666000.0 != 5432917500.0
see https://docs.openquake.org/oq-engine/advanced/addition-is-non-associative.html
[2021-10-14 05:39:12 #128 INFO] Exposing the outputs to the database
[2021-10-14 05:39:12 #128 INFO] Stored 104.05 MB on /Users/thobbs/oqdata/calc_128.hdf5 in 303 seconds
[2021-10-14 05:39:13 #128 INFO] Stopping the workers
  id | name
 743 | Aggregate Event Losses
 744 | Aggregate Losses Statistics
 745 | Average Asset Losses Statistics
 746 | Full Report
 747 | Realizations
