[2021-07-02 06:31:33 #111 INFO] thobbs running /Users/thobbs/Documents/GitHub/earthquake-scenarios/initializations/s_Risk_ACM7p3_LeechRiverFullFault_r1_b.ini [--hc=None]
[2021-07-02 06:31:33 #111 INFO] Using engine version 3.11.3-git0cccb86798
[2021-07-02 06:31:34 #111 WARNING] Using 16 cores on L-VAN-AC02ZW7L4MD6N.local
[2021-07-02 06:31:34 #111 INFO] Checksum of the input files: 3215837928
[2021-07-02 06:31:34 #111 INFO] Reading the risk model if present
[2021-07-02 06:31:47 #111 INFO] Reading /Users/thobbs/Documents/GitHub/openquake-inputs/exposure/general-building-stock/oqBldgExp_BC.xml
[2021-07-02 06:32:07 #111 INFO] Extracting the hazard sites from the site model
[2021-07-02 06:32:10 #111 INFO] Associated 274630 assets to 20013 sites
[2021-07-02 06:32:21 #111 INFO] Reducing risk model from 7260 to 726 taxonomies
[2021-07-02 06:32:23 #111 INFO] minimum_asset_loss={'contents': 0, 'nonstructural': 0, 'occupants': 0, 'structural': 0}
[2021-07-02 06:32:23 #111 INFO] gzipping the input files
[2021-07-02 06:32:26 #111 INFO] Storing risk model
[2021-07-02 06:32:26 #111 INFO] minimum_intensity={'SA(1.0)': 0.05, 'SA(0.5)': 0.05, 'SA(0.3)': 0.0, 'SA(0.6)': 0.05, 'SA(2.0)': 0.05}
[2021-07-02 06:32:27 #111 INFO] There are 4 realization(s)
[2021-07-02 06:32:27 #111 INFO] Reordering the ruptures and storing the events
[2021-07-02 06:32:27 #111 INFO] Associating event_id -> rlz_id for 1_600 events and 400 ruptures
[2021-07-02 06:32:27 #111 INFO] Reading 400 ruptures
[2021-07-02 06:33:27 #111 INFO] compute_gmfs   2% [17 submitted, 17 queued]
[2021-07-02 06:33:33 #111 INFO] compute_gmfs   5% [18 submitted, 16 queued]
[2021-07-02 06:33:33 #111 INFO] compute_gmfs   8% [19 submitted, 15 queued]
[2021-07-02 06:33:33 #111 INFO] compute_gmfs  11% [20 submitted, 14 queued]
[2021-07-02 06:33:33 #111 INFO] compute_gmfs  14% [21 submitted, 13 queued]
[2021-07-02 06:33:33 #111 INFO] compute_gmfs  17% [22 submitted, 12 queued]
[2021-07-02 06:33:33 #111 INFO] compute_gmfs  20% [23 submitted, 11 queued]
[2021-07-02 06:33:33 #111 INFO] compute_gmfs  23% [24 submitted, 10 queued]
[2021-07-02 06:33:33 #111 INFO] compute_gmfs  26% [25 submitted, 9 queued]
[2021-07-02 06:33:33 #111 INFO] compute_gmfs  29% [26 submitted, 8 queued]
[2021-07-02 06:33:33 #111 INFO] compute_gmfs  32% [27 submitted, 7 queued]
[2021-07-02 06:33:33 #111 INFO] compute_gmfs  35% [28 submitted, 6 queued]
[2021-07-02 06:33:33 #111 INFO] compute_gmfs  38% [29 submitted, 5 queued]
[2021-07-02 06:33:33 #111 INFO] compute_gmfs  41% [30 submitted, 4 queued]
[2021-07-02 06:33:33 #111 INFO] compute_gmfs  44% [31 submitted, 3 queued]
[2021-07-02 06:33:33 #111 INFO] compute_gmfs  47% [32 submitted, 2 queued]
[2021-07-02 06:34:18 #111 INFO] compute_gmfs  50% [33 submitted, 1 queued]
[2021-07-02 06:34:32 #111 INFO] compute_gmfs  52% [34 submitted, 0 queued]
[2021-07-02 06:34:38 #111 INFO] compute_gmfs  55% [34 submitted, 0 queued]
[2021-07-02 06:34:38 #111 INFO] compute_gmfs  58% [34 submitted, 0 queued]
[2021-07-02 06:34:38 #111 INFO] compute_gmfs  61% [34 submitted, 0 queued]
[2021-07-02 06:34:38 #111 INFO] compute_gmfs  64% [34 submitted, 0 queued]
[2021-07-02 06:34:38 #111 INFO] compute_gmfs  67% [34 submitted, 0 queued]
[2021-07-02 06:34:38 #111 INFO] compute_gmfs  70% [34 submitted, 0 queued]
[2021-07-02 06:34:38 #111 INFO] compute_gmfs  73% [34 submitted, 0 queued]
[2021-07-02 06:34:38 #111 INFO] compute_gmfs  76% [34 submitted, 0 queued]
[2021-07-02 06:34:38 #111 INFO] compute_gmfs  79% [34 submitted, 0 queued]
[2021-07-02 06:34:38 #111 INFO] compute_gmfs  82% [34 submitted, 0 queued]
[2021-07-02 06:34:38 #111 INFO] compute_gmfs  85% [34 submitted, 0 queued]
[2021-07-02 06:34:38 #111 INFO] compute_gmfs  88% [34 submitted, 0 queued]
[2021-07-02 06:34:38 #111 INFO] compute_gmfs  91% [34 submitted, 0 queued]
[2021-07-02 06:34:38 #111 INFO] compute_gmfs  94% [34 submitted, 0 queued]
[2021-07-02 06:34:41 #111 INFO] compute_gmfs  97% [34 submitted, 0 queued]
[2021-07-02 06:34:51 #111 INFO] compute_gmfs 100% [34 submitted, 0 queued]
[2021-07-02 06:34:51 #111 INFO] Mean time per core=119s, std=5.5s, min=115s, max=139s
[2021-07-02 06:34:51 #111 INFO] Received {'gmfdata': '736.54 MB', 'sig_eps': '90.1 KB', 'times': '14.81 KB', 'hcurves': '170 B'} in 143 seconds
[2021-07-02 06:34:51 #111 INFO] Stored 515.71 MB of GMFs
[2021-07-02 06:35:00 #111 INFO] Checking seed dependency
[2021-07-02 06:35:03 #111 INFO] Building risk inputs from 4 realization(s)
[2021-07-02 06:35:07 #111 INFO] Grouping the GMFs by site ID
[2021-07-02 06:35:24 #111 INFO] Built 20014 risk inputs
[2021-07-02 06:35:33 #111 INFO] Sent 33 tasks, 914.43 MB in 7 seconds
[2021-07-02 06:35:46 #111 INFO] event_based_risk   3% [33 submitted, 0 queued]
[2021-07-02 06:35:48 #111 INFO] event_based_risk   6% [33 submitted, 0 queued]
[2021-07-02 06:35:53 #111 INFO] event_based_risk   9% [33 submitted, 0 queued]
[2021-07-02 06:36:07 #111 INFO] event_based_risk  12% [33 submitted, 0 queued]
[2021-07-02 06:36:15 #111 INFO] event_based_risk  15% [33 submitted, 0 queued]
[2021-07-02 06:36:20 #111 INFO] event_based_risk  18% [33 submitted, 0 queued]
[2021-07-02 06:36:24 #111 INFO] event_based_risk  21% [33 submitted, 0 queued]
[2021-07-02 06:36:26 #111 INFO] event_based_risk  24% [33 submitted, 0 queued]
[2021-07-02 06:36:29 #111 INFO] event_based_risk  27% [33 submitted, 0 queued]
[2021-07-02 06:36:30 #111 INFO] event_based_risk  30% [33 submitted, 0 queued]
[2021-07-02 06:36:32 #111 INFO] event_based_risk  33% [33 submitted, 0 queued]
[2021-07-02 06:36:33 #111 INFO] event_based_risk  36% [33 submitted, 0 queued]
[2021-07-02 06:36:37 #111 INFO] event_based_risk  39% [33 submitted, 0 queued]
[2021-07-02 06:36:37 #111 INFO] event_based_risk  42% [33 submitted, 0 queued]
[2021-07-02 06:36:38 #111 INFO] event_based_risk  45% [33 submitted, 0 queued]
[2021-07-02 06:36:38 #111 INFO] event_based_risk  48% [33 submitted, 0 queued]
[2021-07-02 06:37:02 #111 INFO] event_based_risk  51% [33 submitted, 0 queued]
[2021-07-02 06:37:03 #111 INFO] event_based_risk  54% [33 submitted, 0 queued]
[2021-07-02 06:37:12 #111 INFO] event_based_risk  57% [33 submitted, 0 queued]
[2021-07-02 06:37:21 #111 INFO] event_based_risk  60% [33 submitted, 0 queued]
[2021-07-02 06:37:21 #111 INFO] event_based_risk  63% [33 submitted, 0 queued]
[2021-07-02 06:37:28 #111 INFO] event_based_risk  66% [33 submitted, 0 queued]
[2021-07-02 06:37:36 #111 INFO] event_based_risk  69% [33 submitted, 0 queued]
[2021-07-02 06:37:36 #111 INFO] event_based_risk  72% [33 submitted, 0 queued]
[2021-07-02 06:37:38 #111 INFO] event_based_risk  75% [33 submitted, 0 queued]
[2021-07-02 06:37:40 #111 INFO] event_based_risk  78% [33 submitted, 0 queued]
[2021-07-02 06:37:42 #111 INFO] event_based_risk  81% [33 submitted, 0 queued]
[2021-07-02 06:37:45 #111 INFO] event_based_risk  84% [33 submitted, 0 queued]
[2021-07-02 06:37:46 #111 INFO] event_based_risk  87% [33 submitted, 0 queued]
[2021-07-02 06:37:54 #111 INFO] event_based_risk  90% [33 submitted, 0 queued]
[2021-07-02 06:38:01 #111 INFO] event_based_risk  93% [33 submitted, 0 queued]
[2021-07-02 06:38:15 #111 INFO] event_based_risk  96% [33 submitted, 0 queued]
[2021-07-02 06:39:03 #111 INFO] event_based_risk 100% [33 submitted, 0 queued]
[2021-07-02 06:39:03 #111 INFO] Mean time per core=131s, std=25.7s, min=93s, max=206s
[2021-07-02 06:39:03 #111 INFO] Received {'losses_by_asset': '116.54 MB', 'alt': '3.03 MB'} in 209 seconds
[2021-07-02 06:39:03 #111 INFO] Saving the agg_loss_table
[2021-07-02 06:39:03 #111 INFO] Total portfolio loss
==== =============== ================= ========= =================
loss contents        nonstructural     occupants structural       
==== =============== ================= ========= =================
avg  632_350_775_920 2_816_716_596_768 50_560    2_222_024_008_352
==== =============== ================= ========= =================
[2021-07-02 06:39:03 #111 WARNING] Due to rounding errors inherent in floating-point arithmetic, agg_losses != sum(avg_losses): 3544432000.0 != 3544064000.0
see https://docs.openquake.org/oq-engine/advanced/addition-is-non-associative.html
[2021-07-02 06:39:03 #111 INFO] Exposing the outputs to the database
[2021-07-02 06:39:03 #111 INFO] Stored 482.75 MB on /Users/thobbs/oqdata/calc_111.hdf5 in 448 seconds
[2021-07-02 06:39:04 #111 INFO] Stopping the workers
  id | name
 660 | Aggregate Event Losses
 661 | Aggregate Losses Statistics
 662 | Average Asset Losses Statistics
 663 | Events
 664 | Full Report
 665 | Ground Motion Fields
 666 | Input Files
 667 | Realizations
